<?xml version="1.0" encoding="UTF-8"?>
<!-- Generated by org.testng.reporters.JUnitReportReporter -->
<testsuite hostname="Mereena" failures="0" tests="5" name="testpkg.HomePageTest" time="4.388" errors="0" timestamp="2025-09-20T12:46:33 IST" skipped="0">
  <testcase classname="testpkg.HomePageTest" name="titleTest" time="0.051"/>
  <testcase classname="testpkg.HomePageTest" name="property" time="2.115"/>
  <testcase classname="testpkg.HomePageTest" name="logoVerificationTest" time="0.032"/>
  <testcase classname="testpkg.HomePageTest" name="viewDetailsTest" time="1.208"/>
  <testcase classname="testpkg.HomePageTest" name="QuickContactTest" time="0.982"/>
</testsuite> <!-- testpkg.HomePageTest -->
